#
# There is insufficient memory for the Java Runtime Environment to continue.
# Native memory allocation (malloc) failed to allocate 1871536 bytes for Chunk::new
# Possible reasons:
#   The system is out of physical RAM or swap space
#   In 32 bit mode, the process size limit was hit
# Possible solutions:
#   Reduce memory load on the system
#   Increase physical memory or swap space
#   Check if swap backing store is full
#   Use 64 bit Java on a 64 bit OS
#   Decrease Java heap size (-Xmx/-Xms)
#   Decrease number of Java threads
#   Decrease Java thread stack sizes (-Xss)
#   Set larger code cache with -XX:ReservedCodeCacheSize=
# This output file may be truncated or incomplete.
#
#  Out of Memory Error (allocation.cpp:390), pid=5952, tid=1264
#
# JRE version: Java(TM) SE Runtime Environment (8.0_20-b26) (build 1.8.0_20-b26)
# Java VM: Java HotSpot(TM) 64-Bit Server VM (25.20-b23 mixed mode windows-amd64 compressed oops)
# Failed to write core dump. Minidumps are not enabled by default on client versions of Windows
#

---------------  T H R E A D  ---------------

Current thread (0x0000000005e5c000):  JavaThread "C2 CompilerThread0" daemon [_thread_in_native, id=1264, stack(0x0000000007360000,0x0000000007460000)]

Stack: [0x0000000007360000,0x0000000007460000]
Native frames: (J=compiled Java code, j=interpreted, Vv=VM code, C=native code)
V  [jvm.dll+0x3152fa]
V  [jvm.dll+0x265d03]
V  [jvm.dll+0x266943]
V  [jvm.dll+0x25e265]
V  [jvm.dll+0xbe255]
V  [jvm.dll+0xbe6fc]
V  [jvm.dll+0x45c472]
V  [jvm.dll+0x49d76f]
V  [jvm.dll+0x4515a4]
V  [jvm.dll+0x452634]
V  [jvm.dll+0x435fc2]
V  [jvm.dll+0x97b62]
V  [jvm.dll+0x98353]
V  [jvm.dll+0x22aac4]
V  [jvm.dll+0x283f5a]
C  [msvcr100.dll+0x21d9f]
C  [msvcr100.dll+0x21e3b]
C  [KERNEL32.DLL+0x12d92]
C  [ntdll.dll+0x9f64]


Current CompileTask:
C2: 127173 6767       4       java.beans.MethodDescriptor::<init> (48 bytes)


---------------  P R O C E S S  ---------------

Java Threads: ( => current thread )
  0x000000000af9d000 JavaThread "Stdin handler" [_thread_blocked, id=3512, stack(0x00000000020a0000,0x00000000021a0000)]
  0x000000000af9a000 JavaThread "Cancel handler" [_thread_blocked, id=6156, stack(0x0000000000760000,0x0000000000860000)]
  0x000000000af98000 JavaThread "Handler for socket connection from /127.0.0.1:10740 to /127.0.0.1:10767" [_thread_in_native, id=1352, stack(0x0000000000660000,0x0000000000760000)]
  0x000000000ab69800 JavaThread "File lock request listener" [_thread_in_native, id=1168, stack(0x000000000b390000,0x000000000b490000)]
  0x00000000074ff000 JavaThread "Daemon worker" [_thread_in_native, id=5492, stack(0x0000000009bc0000,0x0000000009cc0000)]
  0x0000000007e91800 JavaThread "Daemon" [_thread_blocked, id=2320, stack(0x00000000098c0000,0x00000000099c0000)]
  0x00000000089f9800 JavaThread "Incoming local TCP Connector on port 10740" [_thread_in_native, id=7068, stack(0x00000000094e0000,0x00000000095e0000)]
  0x00000000074e3800 JavaThread "Service Thread" daemon [_thread_blocked, id=7992, stack(0x0000000007a60000,0x0000000007b60000)]
  0x0000000007465800 JavaThread "C1 CompilerThread2" daemon [_thread_blocked, id=4912, stack(0x0000000007960000,0x0000000007a60000)]
  0x0000000005e5e000 JavaThread "C2 CompilerThread1" daemon [_thread_in_native, id=1716, stack(0x0000000007860000,0x0000000007960000)]
=>0x0000000005e5c000 JavaThread "C2 CompilerThread0" daemon [_thread_in_native, id=1264, stack(0x0000000007360000,0x0000000007460000)]
  0x0000000005e5a800 JavaThread "Attach Listener" daemon [_thread_blocked, id=4976, stack(0x0000000007260000,0x0000000007360000)]
  0x0000000005e0e000 JavaThread "Signal Dispatcher" daemon [_thread_blocked, id=7404, stack(0x0000000007160000,0x0000000007260000)]
  0x0000000002727000 JavaThread "Finalizer" daemon [_thread_blocked, id=3476, stack(0x0000000007060000,0x0000000007160000)]
  0x000000000271e000 JavaThread "Reference Handler" daemon [_thread_blocked, id=6400, stack(0x0000000006f60000,0x0000000007060000)]
  0x00000000008ee000 JavaThread "main" [_thread_blocked, id=7708, stack(0x0000000002530000,0x0000000002630000)]

Other Threads:
  0x0000000005dc6800 VMThread [stack: 0x0000000006e60000,0x0000000006f60000] [id=6344]
  0x00000000074f7800 WatcherThread [stack: 0x0000000007b60000,0x0000000007c60000] [id=8028]

VM state:not at safepoint (normal execution)

VM Mutex/Monitor currently owned by a thread: None

Heap:
 PSYoungGen      total 108544K, used 63843K [0x00000000eab00000, 0x00000000f2c80000, 0x0000000100000000)
  eden space 97792K, 54% used [0x00000000eab00000,0x00000000ededec70,0x00000000f0a80000)
  from space 10752K, 99% used [0x00000000f0a80000,0x00000000f14fa040,0x00000000f1500000)
  to   space 12800K, 0% used [0x00000000f2000000,0x00000000f2000000,0x00000000f2c80000)
 ParOldGen       total 63488K, used 42362K [0x00000000c0000000, 0x00000000c3e00000, 0x00000000eab00000)
  object space 63488K, 66% used [0x00000000c0000000,0x00000000c295ebc0,0x00000000c3e00000)
 Metaspace       used 47753K, capacity 50610K, committed 50816K, reserved 1091584K
  class space    used 6660K, capacity 7710K, committed 7808K, reserved 1048576K

Card table byte_map: [0x0000000002af0000,0x0000000002d00000] byte_map_base: 0x00000000024f0000

Marking Bits: (ParMarkBitMap*) 0x000000005cddb460
 Begin Bits: [0x0000000003260000, 0x0000000004260000)
 End Bits:   [0x0000000004260000, 0x0000000005260000)

Polling page: 0x0000000000540000

CodeCache: size=245760Kb used=21751Kb max_used=21760Kb free=224008Kb
 bounds [0x000000000f010000, 0x0000000010570000, 0x000000001e010000]
 total_blobs=6895 nmethods=6209 adapters=598
 compilation: enabled

Compilation events (10 events):
Event: 126.810 Thread 0x0000000007465800 7164       2       java.net.URI::isOpaque (13 bytes)
Event: 126.810 Thread 0x0000000007465800 nmethod 7164 0x000000000f36a910 code [0x000000000f36aa60, 0x000000000f36abd0]
Event: 126.811 Thread 0x0000000007465800 7165       1       org.slf4j.impl.StaticLoggerBinder::getLoggerFactory (5 bytes)
Event: 126.811 Thread 0x0000000007465800 nmethod 7165 0x000000000fa39f90 code [0x000000000fa3a0e0, 0x000000000fa3a1f0]
Event: 126.817 Thread 0x0000000007465800 7166       2       java.util.HashMap::remove (26 bytes)
Event: 126.817 Thread 0x0000000007465800 nmethod 7166 0x000000000fea3e10 code [0x000000000fea3f80, 0x000000000fea4198]
Event: 126.826 Thread 0x0000000007465800 7167       2       org.gradle.internal.typeconversion.TypedNotationConverter::<init> (30 bytes)
Event: 126.826 Thread 0x0000000007465800 nmethod 7167 0x000000000fe73d90 code [0x000000000fe73ee0, 0x000000000fe74050]
Event: 126.879 Thread 0x0000000007465800 7168       2       java.util.concurrent.CopyOnWriteArrayList::<init> (24 bytes)
Event: 126.880 Thread 0x0000000007465800 nmethod 7168 0x000000000fd37ed0 code [0x000000000fd38040, 0x000000000fd38310]

GC Heap History (10 events):
Event: 112.073 GC heap before
{Heap before GC invocations=26 (full 3):
 PSYoungGen      total 90112K, used 81592K [0x00000000eab00000, 0x00000000f1300000, 0x0000000100000000)
  eden space 78848K, 100% used [0x00000000eab00000,0x00000000ef800000,0x00000000ef800000)
  from space 11264K, 24% used [0x00000000f0280000,0x00000000f052e368,0x00000000f0d80000)
  to   space 10752K, 0% used [0x00000000ef800000,0x00000000ef800000,0x00000000f0280000)
 ParOldGen       total 63488K, used 41671K [0x00000000c0000000, 0x00000000c3e00000, 0x00000000eab00000)
  object space 63488K, 65% used [0x00000000c0000000,0x00000000c28b1c40,0x00000000c3e00000)
 Metaspace       used 43354K, capacity 45358K, committed 45568K, reserved 1087488K
  class space    used 6085K, capacity 6831K, committed 6912K, reserved 1048576K
Event: 112.078 GC heap after
Heap after GC invocations=26 (full 3):
 PSYoungGen      total 89600K, used 1944K [0x00000000eab00000, 0x00000000f1700000, 0x0000000100000000)
  eden space 78848K, 0% used [0x00000000eab00000,0x00000000eab00000,0x00000000ef800000)
  from space 10752K, 18% used [0x00000000ef800000,0x00000000ef9e6100,0x00000000f0280000)
  to   space 10752K, 0% used [0x00000000f0c80000,0x00000000f0c80000,0x00000000f1700000)
 ParOldGen       total 63488K, used 41671K [0x00000000c0000000, 0x00000000c3e00000, 0x00000000eab00000)
  object space 63488K, 65% used [0x00000000c0000000,0x00000000c28b1c40,0x00000000c3e00000)
 Metaspace       used 43354K, capacity 45358K, committed 45568K, reserved 1087488K
  class space    used 6085K, capacity 6831K, committed 6912K, reserved 1048576K
}
Event: 112.563 GC heap before
{Heap before GC invocations=27 (full 3):
 PSYoungGen      total 89600K, used 80792K [0x00000000eab00000, 0x00000000f1700000, 0x0000000100000000)
  eden space 78848K, 100% used [0x00000000eab00000,0x00000000ef800000,0x00000000ef800000)
  from space 10752K, 18% used [0x00000000ef800000,0x00000000ef9e6100,0x00000000f0280000)
  to   space 10752K, 0% used [0x00000000f0c80000,0x00000000f0c80000,0x00000000f1700000)
 ParOldGen       total 63488K, used 41671K [0x00000000c0000000, 0x00000000c3e00000, 0x00000000eab00000)
  object space 63488K, 65% used [0x00000000c0000000,0x00000000c28b1c40,0x00000000c3e00000)
 Metaspace       used 43383K, capacity 45358K, committed 45568K, reserved 1087488K
  class space    used 6087K, capacity 6831K, committed 6912K, reserved 1048576K
Event: 112.566 GC heap after
Heap after GC invocations=27 (full 3):
 PSYoungGen      total 99840K, used 2408K [0x00000000eab00000, 0x00000000f1700000, 0x0000000100000000)
  eden space 89088K, 0% used [0x00000000eab00000,0x00000000eab00000,0x00000000f0200000)
  from space 10752K, 22% used [0x00000000f0c80000,0x00000000f0eda0f0,0x00000000f1700000)
  to   space 10752K, 0% used [0x00000000f0200000,0x00000000f0200000,0x00000000f0c80000)
 ParOldGen       total 63488K, used 41679K [0x00000000c0000000, 0x00000000c3e00000, 0x00000000eab00000)
  object space 63488K, 65% used [0x00000000c0000000,0x00000000c28b3c40,0x00000000c3e00000)
 Metaspace       used 43383K, capacity 45358K, committed 45568K, reserved 1087488K
  class space    used 6087K, capacity 6831K, committed 6912K, reserved 1048576K
}
Event: 113.384 GC heap before
{Heap before GC invocations=28 (full 3):
 PSYoungGen      total 99840K, used 91496K [0x00000000eab00000, 0x00000000f1700000, 0x0000000100000000)
  eden space 89088K, 100% used [0x00000000eab00000,0x00000000f0200000,0x00000000f0200000)
  from space 10752K, 22% used [0x00000000f0c80000,0x00000000f0eda0f0,0x00000000f1700000)
  to   space 10752K, 0% used [0x00000000f0200000,0x00000000f0200000,0x00000000f0c80000)
 ParOldGen       total 63488K, used 41679K [0x00000000c0000000, 0x00000000c3e00000, 0x00000000eab00000)
  object space 63488K, 65% used [0x00000000c0000000,0x00000000c28b3c40,0x00000000c3e00000)
 Metaspace       used 43385K, capacity 45358K, committed 45568K, reserved 1087488K
  class space    used 6087K, capacity 6831K, committed 6912K, reserved 1048576K
Event: 113.391 GC heap after
Heap after GC invocations=28 (full 3):
 PSYoungGen      total 99840K, used 2728K [0x00000000eab00000, 0x00000000f2180000, 0x0000000100000000)
  eden space 89088K, 0% used [0x00000000eab00000,0x00000000eab00000,0x00000000f0200000)
  from space 10752K, 25% used [0x00000000f0200000,0x00000000f04aa100,0x00000000f0c80000)
  to   space 10240K, 0% used [0x00000000f1780000,0x00000000f1780000,0x00000000f2180000)
 ParOldGen       total 63488K, used 41679K [0x00000000c0000000, 0x00000000c3e00000, 0x00000000eab00000)
  object space 63488K, 65% used [0x00000000c0000000,0x00000000c28b3c40,0x00000000c3e00000)
 Metaspace       used 43385K, capacity 45358K, committed 45568K, reserved 1087488K
  class space    used 6087K, capacity 6831K, committed 6912K, reserved 1048576K
}
Event: 115.527 GC heap before
{Heap before GC invocations=29 (full 3):
 PSYoungGen      total 99840K, used 91816K [0x00000000eab00000, 0x00000000f2180000, 0x0000000100000000)
  eden space 89088K, 100% used [0x00000000eab00000,0x00000000f0200000,0x00000000f0200000)
  from space 10752K, 25% used [0x00000000f0200000,0x00000000f04aa100,0x00000000f0c80000)
  to   space 10240K, 0% used [0x00000000f1780000,0x00000000f1780000,0x00000000f2180000)
 ParOldGen       total 63488K, used 41679K [0x00000000c0000000, 0x00000000c3e00000, 0x00000000eab00000)
  object space 63488K, 65% used [0x00000000c0000000,0x00000000c28b3c40,0x00000000c3e00000)
 Metaspace       used 44723K, capacity 46944K, committed 47232K, reserved 1089536K
  class space    used 6215K, capacity 7006K, committed 7040K, reserved 1048576K
Event: 115.546 GC heap after
Heap after GC invocations=29 (full 3):
 PSYoungGen      total 105984K, used 6391K [0x00000000eab00000, 0x00000000f1f80000, 0x0000000100000000)
  eden space 97792K, 0% used [0x00000000eab00000,0x00000000eab00000,0x00000000f0a80000)
  from space 8192K, 78% used [0x00000000f1780000,0x00000000f1dbddd0,0x00000000f1f80000)
  to   space 10752K, 0% used [0x00000000f0a80000,0x00000000f0a80000,0x00000000f1500000)
 ParOldGen       total 63488K, used 41687K [0x00000000c0000000, 0x00000000c3e00000, 0x00000000eab00000)
  object space 63488K, 65% used [0x00000000c0000000,0x00000000c28b5c40,0x00000000c3e00000)
 Metaspace       used 44723K, capacity 46944K, committed 47232K, reserved 1089536K
  class space    used 6215K, capacity 7006K, committed 7040K, reserved 1048576K
}
Event: 119.931 GC heap before
{Heap before GC invocations=30 (full 3):
 PSYoungGen      total 105984K, used 104183K [0x00000000eab00000, 0x00000000f1f80000, 0x0000000100000000)
  eden space 97792K, 100% used [0x00000000eab00000,0x00000000f0a80000,0x00000000f0a80000)
  from space 8192K, 78% used [0x00000000f1780000,0x00000000f1dbddd0,0x00000000f1f80000)
  to   space 10752K, 0% used [0x00000000f0a80000,0x00000000f0a80000,0x00000000f1500000)
 ParOldGen       total 63488K, used 41687K [0x00000000c0000000, 0x00000000c3e00000, 0x00000000eab00000)
  object space 63488K, 65% used [0x00000000c0000000,0x00000000c28b5c40,0x00000000c3e00000)
 Metaspace       used 46196K, capacity 48518K, committed 48768K, reserved 1091584K
  class space    used 6407K, capacity 7293K, committed 7296K, reserved 1048576K
Event: 119.959 GC heap after
Heap after GC invocations=30 (full 3):
 PSYoungGen      total 108544K, used 10728K [0x00000000eab00000, 0x00000000f2c80000, 0x0000000100000000)
  eden space 97792K, 0% used [0x00000000eab00000,0x00000000eab00000,0x00000000f0a80000)
  from space 10752K, 99% used [0x00000000f0a80000,0x00000000f14fa040,0x00000000f1500000)
  to   space 12800K, 0% used [0x00000000f2000000,0x00000000f2000000,0x00000000f2c80000)
 ParOldGen       total 63488K, used 42362K [0x00000000c0000000, 0x00000000c3e00000, 0x00000000eab00000)
  object space 63488K, 66% used [0x00000000c0000000,0x00000000c295ebc0,0x00000000c3e00000)
 Metaspace       used 46196K, capacity 48518K, committed 48768K, reserved 1091584K
  class space    used 6407K, capacity 7293K, committed 7296K, reserved 1048576K
}

Deoptimization events (10 events):
Event: 119.230 Thread 0x00000000074ff000 Uncommon trap: reason=class_check action=maybe_recompile pc=0x000000001013f9c0 method=org.gradle.logging.internal.AbstractLineChoppingStyledTextOutput.doAppend(Ljava/lang/String;)V @ 28
Event: 119.231 Thread 0x00000000074ff000 Uncommon trap: reason=class_check action=maybe_recompile pc=0x000000001013f9c0 method=org.gradle.logging.internal.AbstractLineChoppingStyledTextOutput.doAppend(Ljava/lang/String;)V @ 28
Event: 120.269 Thread 0x00000000074ff000 Uncommon trap: reason=bimorphic action=maybe_recompile pc=0x000000000f6fb058 method=java.lang.Throwable.<init>(Ljava/lang/String;Ljava/lang/Throwable;)V @ 24
Event: 120.771 Thread 0x00000000074ff000 Uncommon trap: reason=bimorphic action=maybe_recompile pc=0x000000000f6fb058 method=java.lang.Throwable.<init>(Ljava/lang/String;Ljava/lang/Throwable;)V @ 24
Event: 120.941 Thread 0x00000000074ff000 Uncommon trap: reason=bimorphic action=maybe_recompile pc=0x000000000fb4fea4 method=org.codehaus.groovy.runtime.metaclass.MetaMethodIndex.addMethodToList(Ljava/lang/Object;Lgroovy/lang/MetaMethod;)Ljava/lang/Object; @ 91
Event: 120.941 Thread 0x00000000074ff000 Uncommon trap: reason=unreached action=reinterpret pc=0x000000000fb4fdf0 method=org.codehaus.groovy.runtime.metaclass.MetaMethodIndex.isNonRealMethod(Lgroovy/lang/MetaMethod;)Z @ 4
Event: 120.973 Thread 0x00000000074ff000 Uncommon trap: reason=bimorphic action=maybe_recompile pc=0x000000000f6fb058 method=java.lang.Throwable.<init>(Ljava/lang/String;Ljava/lang/Throwable;)V @ 24
Event: 120.976 Thread 0x00000000074ff000 Uncommon trap: reason=bimorphic action=maybe_recompile pc=0x000000000f6fb058 method=java.lang.Throwable.<init>(Ljava/lang/String;Ljava/lang/Throwable;)V @ 24
Event: 121.111 Thread 0x00000000074ff000 Uncommon trap: reason=class_check action=maybe_recompile pc=0x0000000010074620 method=java.util.HashMap.removeNode(ILjava/lang/Object;Ljava/lang/Object;ZZ)Ljava/util/HashMap$Node; @ 68
Event: 121.112 Thread 0x00000000074ff000 Uncommon trap: reason=class_check action=maybe_recompile pc=0x0000000010074620 method=java.util.HashMap.removeNode(ILjava/lang/Object;Ljava/lang/Object;ZZ)Ljava/util/HashMap$Node; @ 68

Internal exceptions (10 events):
Event: 121.169 Thread 0x0000000007e91800 Exception <a 'java/security/PrivilegedActionException'> (0x00000000ed7c60b0) thrown at [D:\re\workspace\8-2-build-windows-amd64-cygwin\jdk8u20\1074\hotspot\src\share\vm\prims\jvm.cpp, line 1275]
Event: 121.169 Thread 0x0000000007e91800 Exception <a 'java/security/PrivilegedActionException'> (0x00000000ed7c71c0) thrown at [D:\re\workspace\8-2-build-windows-amd64-cygwin\jdk8u20\1074\hotspot\src\share\vm\prims\jvm.cpp, line 1275]
Event: 121.184 Thread 0x0000000007e91800 Exception <a 'java/lang/NoSuchMethodError': <clinit>> (0x00000000ed8f28b8) thrown at [D:\re\workspace\8-2-build-windows-amd64-cygwin\jdk8u20\1074\hotspot\src\share\vm\prims\jni.cpp, line 1603]
Event: 121.185 Thread 0x0000000007e91800 Exception <a 'java/lang/NoSuchMethodError': <clinit>> (0x00000000ed8fdea8) thrown at [D:\re\workspace\8-2-build-windows-amd64-cygwin\jdk8u20\1074\hotspot\src\share\vm\prims\jni.cpp, line 1603]
Event: 126.753 Thread 0x000000000af98000 Exception <a 'java/security/PrivilegedActionException'> (0x00000000eda2bb08) thrown at [D:\re\workspace\8-2-build-windows-amd64-cygwin\jdk8u20\1074\hotspot\src\share\vm\prims\jvm.cpp, line 1275]
Event: 126.753 Thread 0x000000000af98000 Exception <a 'java/security/PrivilegedActionException'> (0x00000000eda2c4d8) thrown at [D:\re\workspace\8-2-build-windows-amd64-cygwin\jdk8u20\1074\hotspot\src\share\vm\prims\jvm.cpp, line 1275]
Event: 126.754 Thread 0x000000000af98000 Exception <a 'java/security/PrivilegedActionException'> (0x00000000eda301c8) thrown at [D:\re\workspace\8-2-build-windows-amd64-cygwin\jdk8u20\1074\hotspot\src\share\vm\prims\jvm.cpp, line 1275]
Event: 126.759 Thread 0x0000000007e91800 Exception <a 'java/security/PrivilegedActionException'> (0x00000000ed924490) thrown at [D:\re\workspace\8-2-build-windows-amd64-cygwin\jdk8u20\1074\hotspot\src\share\vm\prims\jvm.cpp, line 1275]
Event: 126.759 Thread 0x0000000007e91800 Exception <a 'java/security/PrivilegedActionException'> (0x00000000ed924f50) thrown at [D:\re\workspace\8-2-build-windows-amd64-cygwin\jdk8u20\1074\hotspot\src\share\vm\prims\jvm.cpp, line 1275]
Event: 126.759 Thread 0x0000000007e91800 Exception <a 'java/security/PrivilegedActionException'> (0x00000000ed926b30) thrown at [D:\re\workspace\8-2-build-windows-amd64-cygwin\jdk8u20\1074\hotspot\src\share\vm\prims\jvm.cpp, line 1275]

Events (10 events):
Event: 126.765 Thread 0x0000000007465800 flushing nmethod 0x000000000fa39d10
Event: 126.766 Executing VM operation: RevokeBias
Event: 126.786 Executing VM operation: RevokeBias done
Event: 126.805 Thread 0x0000000007465800 flushing nmethod 0x000000000fcf3a50
Event: 126.807 Thread 0x000000000af9d000 Thread added: 0x000000000af9d000
Event: 126.810 Thread 0x0000000007465800 flushing nmethod 0x000000000fd37ed0
Event: 126.811 Thread 0x0000000007465800 flushing nmethod 0x000000000fdf1690
Event: 126.811 Thread 0x0000000007465800 flushing nmethod 0x000000000fdf6810
Event: 126.812 Thread 0x0000000007465800 flushing nmethod 0x000000000fe73bd0
Event: 126.813 Thread 0x0000000007465800 flushing nmethod 0x000000000fea3e10


Dynamic libraries:
0x00007ff71e750000 - 0x00007ff71e784000 	C:\Program Files\Java\jdk1.8.0_20\bin\java.exe
0x00007ffc07a80000 - 0x00007ffc07c41000 	C:\WINDOWS\SYSTEM32\ntdll.dll
0x00007ffc073c0000 - 0x00007ffc0746d000 	C:\WINDOWS\system32\KERNEL32.DLL
0x00007ffc04f70000 - 0x00007ffc0514d000 	C:\WINDOWS\system32\KERNELBASE.dll
0x00007ffc079d0000 - 0x00007ffc07a76000 	C:\WINDOWS\system32\ADVAPI32.dll
0x00007ffc074a0000 - 0x00007ffc0753d000 	C:\WINDOWS\system32\msvcrt.dll
0x00007ffc05410000 - 0x00007ffc0546b000 	C:\WINDOWS\system32\sechost.dll
0x00007ffc07290000 - 0x00007ffc073b6000 	C:\WINDOWS\system32\RPCRT4.dll
0x00007ffc07670000 - 0x00007ffc077be000 	C:\WINDOWS\system32\USER32.dll
0x00007ffc06b60000 - 0x00007ffc06ce6000 	C:\WINDOWS\system32\GDI32.dll
0x00007ffc00070000 - 0x00007ffc002e4000 	C:\WINDOWS\WinSxS\amd64_microsoft.windows.common-controls_6595b64144ccf1df_6.0.10240.16384_none_f41f7b285750ef43\COMCTL32.dll
0x00007ffc053d0000 - 0x00007ffc05406000 	C:\WINDOWS\system32\IMM32.DLL
0x00007ffc06e40000 - 0x00007ffc06f9c000 	C:\WINDOWS\system32\MSCTF.dll
0x00007ffc043a0000 - 0x00007ffc043d1000 	C:\WINDOWS\system32\nvinitx.dll
0x00007ffc04390000 - 0x00007ffc0439a000 	C:\WINDOWS\SYSTEM32\VERSION.dll
0x000000000f000000 - 0x000000000f006000 	C:\Program Files\NVIDIA Corporation\CoProcManager\_etoured.dll
0x00007ffc00e10000 - 0x00007ffc00e42000 	C:\Program Files\NVIDIA Corporation\CoProcManager\nvd3d9wrapx.dll
0x00007ffc05150000 - 0x00007ffc05315000 	C:\WINDOWS\system32\SETUPAPI.dll
0x00007ffc04720000 - 0x00007ffc04764000 	C:\WINDOWS\system32\CFGMGR32.dll
0x00007ffc00de0000 - 0x00007ffc00e02000 	C:\Program Files\NVIDIA Corporation\CoProcManager\nvdxgiwrapx.dll
0x000000005c1a0000 - 0x000000005c272000 	C:\Program Files\Java\jdk1.8.0_20\jre\bin\msvcr100.dll
0x000000005c600000 - 0x000000005ce58000 	C:\Program Files\Java\jdk1.8.0_20\jre\bin\server\jvm.dll
0x00007ffc07490000 - 0x00007ffc07498000 	C:\WINDOWS\system32\PSAPI.DLL
0x00007ffbff1a0000 - 0x00007ffbff1a9000 	C:\WINDOWS\SYSTEM32\WSOCK32.dll
0x00007ffc02950000 - 0x00007ffc02973000 	C:\WINDOWS\SYSTEM32\WINMM.dll
0x00007ffc06fa0000 - 0x00007ffc07009000 	C:\WINDOWS\system32\WS2_32.dll
0x00007ffc06cf0000 - 0x00007ffc06cf8000 	C:\WINDOWS\system32\NSI.dll
0x00007ffc02920000 - 0x00007ffc0294c000 	C:\WINDOWS\SYSTEM32\WINMMBASE.dll
0x00007ffc02dd0000 - 0x00007ffc02df7000 	C:\WINDOWS\SYSTEM32\DEVOBJ.dll
0x000000005dae0000 - 0x000000005daef000 	C:\Program Files\Java\jdk1.8.0_20\jre\bin\verify.dll
0x000000005c5d0000 - 0x000000005c5f8000 	C:\Program Files\Java\jdk1.8.0_20\jre\bin\java.dll
0x000000005c5b0000 - 0x000000005c5c6000 	C:\Program Files\Java\jdk1.8.0_20\jre\bin\zip.dll
0x00007ffc05620000 - 0x00007ffc06b42000 	C:\WINDOWS\system32\SHELL32.dll
0x00007ffc04770000 - 0x00007ffc04d98000 	C:\WINDOWS\system32\windows.storage.dll
0x00007ffc07010000 - 0x00007ffc0728c000 	C:\WINDOWS\system32\combase.dll
0x00007ffc077c0000 - 0x00007ffc07811000 	C:\WINDOWS\system32\shlwapi.dll
0x00007ffc04520000 - 0x00007ffc0452f000 	C:\WINDOWS\system32\kernel.appcore.dll
0x00007ffc04da0000 - 0x00007ffc04e53000 	C:\WINDOWS\system32\shcore.dll
0x00007ffc044d0000 - 0x00007ffc0451a000 	C:\WINDOWS\system32\powrprof.dll
0x00007ffc044b0000 - 0x00007ffc044c3000 	C:\WINDOWS\system32\profapi.dll
0x000000005c590000 - 0x000000005c5aa000 	C:\Program Files\Java\jdk1.8.0_20\jre\bin\net.dll
0x00007ffc03c70000 - 0x00007ffc03ccd000 	C:\WINDOWS\system32\mswsock.dll
0x000000005c570000 - 0x000000005c581000 	C:\Program Files\Java\jdk1.8.0_20\jre\bin\nio.dll
0x00007ffbfa620000 - 0x00007ffbfa632000 	C:\Users\Zero\.gradle\native\19\windows-amd64\native-platform.dll
0x00007ffc006a0000 - 0x00007ffc006d8000 	C:\WINDOWS\SYSTEM32\IPHLPAPI.DLL
0x00007ffc00dd0000 - 0x00007ffc00ddb000 	C:\WINDOWS\SYSTEM32\WINNSI.DLL
0x00007ffbfd040000 - 0x00007ffbfd056000 	C:\WINDOWS\SYSTEM32\dhcpcsvc6.DLL
0x00007ffbff5e0000 - 0x00007ffbff5fa000 	C:\WINDOWS\SYSTEM32\dhcpcsvc.DLL
0x00007ffc03cd0000 - 0x00007ffc03ce7000 	C:\WINDOWS\SYSTEM32\CRYPTSP.dll
0x00007ffc043e0000 - 0x00007ffc04408000 	C:\WINDOWS\SYSTEM32\bcrypt.dll
0x00007ffc03920000 - 0x00007ffc03953000 	C:\WINDOWS\system32\rsaenh.dll
0x00007ffc03b00000 - 0x00007ffc03b1f000 	C:\WINDOWS\SYSTEM32\USERENV.dll
0x00007ffc04210000 - 0x00007ffc0427b000 	C:\WINDOWS\system32\bcryptprimitives.dll
0x00007ffc03e40000 - 0x00007ffc03e4b000 	C:\WINDOWS\SYSTEM32\CRYPTBASE.dll
0x000000005dad0000 - 0x000000005dadd000 	C:\Program Files\Java\jdk1.8.0_20\jre\bin\management.dll
0x00007ffc020f0000 - 0x00007ffc0227a000 	C:\WINDOWS\SYSTEM32\dbghelp.dll

VM Arguments:
jvm_args: -XX:MaxPermSize=256m -XX:+HeapDumpOnOutOfMemoryError -Xmx1024m -Dfile.encoding=GBK -Duser.country=US -Duser.language=en -Duser.variant 
java_command: org.gradle.launcher.daemon.bootstrap.GradleDaemon 2.4 C:\Users\Zero\.gradle C:\Users\Zero\.gradle\daemon 10800000 48fcb9fe-72ed-4abd-bd06-2f88b64e8424 -XX:MaxPermSize=256m -XX:+HeapDumpOnOutOfMemoryError -Xmx1024m -Dfile.encoding=GBK -Duser.country=US -Duser.language=en -Duser.variant
java_class_path (initial): C:\Users\Zero\.gradle\wrapper\dists\gradle-2.4-all\6r4uqcc6ovnq6ac6s0txzcpc0\gradle-2.4\lib\gradle-launcher-2.4.jar
Launcher Type: SUN_STANDARD

Environment Variables:
JAVA_HOME=C:\Program Files\Java\jdk1.8.0_20
CLASSPATH=C:\Program Files\Java\jdk1.8.0_20\lib\dt.jar;C:\Program Files\Java\jdk1.8.0_20\lib\tools.jar;.
PATH=C:\ProgramData\Oracle\Java\javapath;C:\WINDOWS\system32;C:\WINDOWS;C:\WINDOWS\System32\Wbem;C:\WINDOWS\System32\WindowsPowerShell\v1.0\;D:\mysql\mysql-5.7.8-rc-winx64\bin;C:\Program Files (x86)\MySQL\MySQL Fabric 1.5.4 & MySQL Utilities 1.5.4 1.5\;C:\Program Files (x86)\MySQL\MySQL Fabric 1.5.4 & MySQL Utilities 1.5.4 1.5\Doctrine extensions for PHP\;D:\Tomcat 8.0\bin\;D:\Tomcat 8.0\bin\servlet-api.jar;D:\Tomcat 8.0\bin\jsp-api.jar;C:\Program Files\Java\jdk1.8.0_20\bin;D:\sbt\\bin;E:\apk\apktool;
USERNAME=Zero
OS=Windows_NT
PROCESSOR_IDENTIFIER=Intel64 Family 6 Model 58 Stepping 9, GenuineIntel



---------------  S Y S T E M  ---------------

OS: Windows 8.1 , 64 bit Build 9600 

CPU:total 4 (2 cores per cpu, 2 threads per core) family 6 model 58 stepping 9, cmov, cx8, fxsr, mmx, sse, sse2, sse3, ssse3, sse4.1, sse4.2, popcnt, avx, aes, clmul, erms, ht, tsc, tscinvbit, tscinv

Memory: 4k page, physical 4051104k(709928k free), swap 16634016k(3772k free)

vm_info: Java HotSpot(TM) 64-Bit Server VM (25.20-b23) for windows-amd64 JRE (1.8.0_20-b26), built on Jul 30 2014 13:51:23 by "java_re" with MS VC++ 10.0 (VS2010)

time: Fri Oct 09 20:25:48 2015
elapsed time: 127 seconds (0d 0h 2m 7s)

